<?xml version="1.0" encoding="UTF-8"?>
<testsuite xmlns:xsi="http://www.w3.org/2001/XMLSchema-instance" xsi:noNamespaceSchemaLocation="https://maven.apache.org/surefire/maven-surefire-plugin/xsd/surefire-test-report.xsd" name="org.example.runCucumberTest" time="0.063" tests="2" errors="0" skipped="0" failures="0">
  <properties>
    <property name="java.specification.version" value="21"/>
    <property name="sun.jnu.encoding" value="UTF-8"/>
    <property name="java.class.path" value="/home/spaceman/IdeaProjects/kata-jenkins/target/test-classes:/home/spaceman/IdeaProjects/kata-jenkins/target/classes:/home/spaceman/.m2/repository/io/cucumber/cucumber-java/7.13.0/cucumber-java-7.13.0.jar:/home/spaceman/.m2/repository/io/cucumber/cucumber-core/7.13.0/cucumber-core-7.13.0.jar:/home/spaceman/.m2/repository/io/cucumber/cucumber-gherkin/7.13.0/cucumber-gherkin-7.13.0.jar:/home/spaceman/.m2/repository/io/cucumber/cucumber-gherkin-messages/7.13.0/cucumber-gherkin-messages-7.13.0.jar:/home/spaceman/.m2/repository/io/cucumber/gherkin/26.2.0/gherkin-26.2.0.jar:/home/spaceman/.m2/repository/io/cucumber/messages/22.0.0/messages-22.0.0.jar:/home/spaceman/.m2/repository/io/cucumber/tag-expressions/5.0.1/tag-expressions-5.0.1.jar:/home/spaceman/.m2/repository/io/cucumber/cucumber-expressions/16.1.2/cucumber-expressions-16.1.2.jar:/home/spaceman/.m2/repository/io/cucumber/datatable/7.13.0/datatable-7.13.0.jar:/home/spaceman/.m2/repository/io/cucumber/cucumber-plugin/7.13.0/cucumber-plugin-7.13.0.jar:/home/spaceman/.m2/repository/io/cucumber/docstring/7.13.0/docstring-7.13.0.jar:/home/spaceman/.m2/repository/io/cucumber/html-formatter/20.3.1/html-formatter-20.3.1.jar:/home/spaceman/.m2/repository/io/cucumber/junit-xml-formatter/0.2.0/junit-xml-formatter-0.2.0.jar:/home/spaceman/.m2/repository/io/cucumber/ci-environment/9.2.0/ci-environment-9.2.0.jar:/home/spaceman/.m2/repository/org/apiguardian/apiguardian-api/1.1.2/apiguardian-api-1.1.2.jar:/home/spaceman/.m2/repository/io/cucumber/cucumber-junit/7.13.0/cucumber-junit-7.13.0.jar:/home/spaceman/.m2/repository/junit/junit/4.13.2/junit-4.13.2.jar:/home/spaceman/.m2/repository/org/hamcrest/hamcrest-core/1.3/hamcrest-core-1.3.jar:/home/spaceman/.m2/repository/io/cucumber/cucumber-picocontainer/7.13.0/cucumber-picocontainer-7.13.0.jar:/home/spaceman/.m2/repository/org/picocontainer/picocontainer/2.15/picocontainer-2.15.jar:/home/spaceman/.m2/repository/org/junit/jupiter/junit-jupiter-engine/5.10.0/junit-jupiter-engine-5.10.0.jar:/home/spaceman/.m2/repository/org/junit/platform/junit-platform-engine/1.10.0/junit-platform-engine-1.10.0.jar:/home/spaceman/.m2/repository/org/opentest4j/opentest4j/1.3.0/opentest4j-1.3.0.jar:/home/spaceman/.m2/repository/org/junit/platform/junit-platform-commons/1.10.0/junit-platform-commons-1.10.0.jar:/home/spaceman/.m2/repository/org/junit/jupiter/junit-jupiter-api/5.10.0/junit-jupiter-api-5.10.0.jar:/home/spaceman/.m2/repository/org/junit/vintage/junit-vintage-engine/5.10.0/junit-vintage-engine-5.10.0.jar:/home/spaceman/.m2/repository/org/junit/platform/junit-platform-runner/1.10.0/junit-platform-runner-1.10.0.jar:/home/spaceman/.m2/repository/org/junit/platform/junit-platform-launcher/1.10.0/junit-platform-launcher-1.10.0.jar:/home/spaceman/.m2/repository/org/junit/platform/junit-platform-suite-api/1.10.0/junit-platform-suite-api-1.10.0.jar:/home/spaceman/.m2/repository/org/junit/platform/junit-platform-suite-commons/1.10.0/junit-platform-suite-commons-1.10.0.jar:/home/spaceman/.m2/repository/org/mockito/mockito-core/5.5.0/mockito-core-5.5.0.jar:/home/spaceman/.m2/repository/net/bytebuddy/byte-buddy/1.14.6/byte-buddy-1.14.6.jar:/home/spaceman/.m2/repository/net/bytebuddy/byte-buddy-agent/1.14.6/byte-buddy-agent-1.14.6.jar:/home/spaceman/.m2/repository/org/objenesis/objenesis/3.3/objenesis-3.3.jar:"/>
    <property name="java.vm.vendor" value="Ubuntu"/>
    <property name="sun.arch.data.model" value="64"/>
    <property name="java.vendor.url" value="https://ubuntu.com/"/>
    <property name="os.name" value="Linux"/>
    <property name="java.vm.specification.version" value="21"/>
    <property name="sun.java.launcher" value="SUN_STANDARD"/>
    <property name="user.country" value="US"/>
    <property name="sun.boot.library.path" value="/usr/lib/jvm/java-21-openjdk-amd64/lib"/>
    <property name="sun.java.command" value="/home/spaceman/IdeaProjects/kata-jenkins/target/surefire/surefirebooter6094167774452366699.jar /home/spaceman/IdeaProjects/kata-jenkins/target/surefire 2025-01-10T00-05-25_882-jvmRun1 surefire13094794179468509641tmp surefire_013837576359805296397tmp"/>
    <property name="jdk.debug" value="release"/>
    <property name="surefire.test.class.path" value="/home/spaceman/IdeaProjects/kata-jenkins/target/test-classes:/home/spaceman/IdeaProjects/kata-jenkins/target/classes:/home/spaceman/.m2/repository/io/cucumber/cucumber-java/7.13.0/cucumber-java-7.13.0.jar:/home/spaceman/.m2/repository/io/cucumber/cucumber-core/7.13.0/cucumber-core-7.13.0.jar:/home/spaceman/.m2/repository/io/cucumber/cucumber-gherkin/7.13.0/cucumber-gherkin-7.13.0.jar:/home/spaceman/.m2/repository/io/cucumber/cucumber-gherkin-messages/7.13.0/cucumber-gherkin-messages-7.13.0.jar:/home/spaceman/.m2/repository/io/cucumber/gherkin/26.2.0/gherkin-26.2.0.jar:/home/spaceman/.m2/repository/io/cucumber/messages/22.0.0/messages-22.0.0.jar:/home/spaceman/.m2/repository/io/cucumber/tag-expressions/5.0.1/tag-expressions-5.0.1.jar:/home/spaceman/.m2/repository/io/cucumber/cucumber-expressions/16.1.2/cucumber-expressions-16.1.2.jar:/home/spaceman/.m2/repository/io/cucumber/datatable/7.13.0/datatable-7.13.0.jar:/home/spaceman/.m2/repository/io/cucumber/cucumber-plugin/7.13.0/cucumber-plugin-7.13.0.jar:/home/spaceman/.m2/repository/io/cucumber/docstring/7.13.0/docstring-7.13.0.jar:/home/spaceman/.m2/repository/io/cucumber/html-formatter/20.3.1/html-formatter-20.3.1.jar:/home/spaceman/.m2/repository/io/cucumber/junit-xml-formatter/0.2.0/junit-xml-formatter-0.2.0.jar:/home/spaceman/.m2/repository/io/cucumber/ci-environment/9.2.0/ci-environment-9.2.0.jar:/home/spaceman/.m2/repository/org/apiguardian/apiguardian-api/1.1.2/apiguardian-api-1.1.2.jar:/home/spaceman/.m2/repository/io/cucumber/cucumber-junit/7.13.0/cucumber-junit-7.13.0.jar:/home/spaceman/.m2/repository/junit/junit/4.13.2/junit-4.13.2.jar:/home/spaceman/.m2/repository/org/hamcrest/hamcrest-core/1.3/hamcrest-core-1.3.jar:/home/spaceman/.m2/repository/io/cucumber/cucumber-picocontainer/7.13.0/cucumber-picocontainer-7.13.0.jar:/home/spaceman/.m2/repository/org/picocontainer/picocontainer/2.15/picocontainer-2.15.jar:/home/spaceman/.m2/repository/org/junit/jupiter/junit-jupiter-engine/5.10.0/junit-jupiter-engine-5.10.0.jar:/home/spaceman/.m2/repository/org/junit/platform/junit-platform-engine/1.10.0/junit-platform-engine-1.10.0.jar:/home/spaceman/.m2/repository/org/opentest4j/opentest4j/1.3.0/opentest4j-1.3.0.jar:/home/spaceman/.m2/repository/org/junit/platform/junit-platform-commons/1.10.0/junit-platform-commons-1.10.0.jar:/home/spaceman/.m2/repository/org/junit/jupiter/junit-jupiter-api/5.10.0/junit-jupiter-api-5.10.0.jar:/home/spaceman/.m2/repository/org/junit/vintage/junit-vintage-engine/5.10.0/junit-vintage-engine-5.10.0.jar:/home/spaceman/.m2/repository/org/junit/platform/junit-platform-runner/1.10.0/junit-platform-runner-1.10.0.jar:/home/spaceman/.m2/repository/org/junit/platform/junit-platform-launcher/1.10.0/junit-platform-launcher-1.10.0.jar:/home/spaceman/.m2/repository/org/junit/platform/junit-platform-suite-api/1.10.0/junit-platform-suite-api-1.10.0.jar:/home/spaceman/.m2/repository/org/junit/platform/junit-platform-suite-commons/1.10.0/junit-platform-suite-commons-1.10.0.jar:/home/spaceman/.m2/repository/org/mockito/mockito-core/5.5.0/mockito-core-5.5.0.jar:/home/spaceman/.m2/repository/net/bytebuddy/byte-buddy/1.14.6/byte-buddy-1.14.6.jar:/home/spaceman/.m2/repository/net/bytebuddy/byte-buddy-agent/1.14.6/byte-buddy-agent-1.14.6.jar:/home/spaceman/.m2/repository/org/objenesis/objenesis/3.3/objenesis-3.3.jar:"/>
    <property name="sun.cpu.endian" value="little"/>
    <property name="user.home" value="/home/spaceman"/>
    <property name="user.language" value="en"/>
    <property name="java.specification.vendor" value="Oracle Corporation"/>
    <property name="java.version.date" value="2024-10-15"/>
    <property name="java.home" value="/usr/lib/jvm/java-21-openjdk-amd64"/>
    <property name="file.separator" value="/"/>
    <property name="basedir" value="/home/spaceman/IdeaProjects/kata-jenkins"/>
    <property name="java.vm.compressedOopsMode" value="Zero based"/>
    <property name="line.separator" value="&#10;"/>
    <property name="java.specification.name" value="Java Platform API Specification"/>
    <property name="java.vm.specification.vendor" value="Oracle Corporation"/>
    <property name="surefire.real.class.path" value="/home/spaceman/IdeaProjects/kata-jenkins/target/surefire/surefirebooter6094167774452366699.jar"/>
    <property name="sun.management.compiler" value="HotSpot 64-Bit Tiered Compilers"/>
    <property name="java.runtime.version" value="21.0.5+11-Ubuntu-1ubuntu122.04"/>
    <property name="user.name" value="spaceman"/>
    <property name="stdout.encoding" value="UTF-8"/>
    <property name="path.separator" value=":"/>
    <property name="os.version" value="6.8.0-49-generic"/>
    <property name="java.runtime.name" value="OpenJDK Runtime Environment"/>
    <property name="file.encoding" value="UTF-8"/>
    <property name="java.vm.name" value="OpenJDK 64-Bit Server VM"/>
    <property name="localRepository" value="/home/spaceman/.m2/repository"/>
    <property name="java.vendor.url.bug" value="https://bugs.launchpad.net/ubuntu/+source/openjdk-21"/>
    <property name="java.io.tmpdir" value="/tmp"/>
    <property name="java.version" value="21.0.5"/>
    <property name="user.dir" value="/home/spaceman/IdeaProjects/kata-jenkins"/>
    <property name="os.arch" value="amd64"/>
    <property name="java.vm.specification.name" value="Java Virtual Machine Specification"/>
    <property name="native.encoding" value="UTF-8"/>
    <property name="java.library.path" value="/usr/java/packages/lib:/usr/lib/x86_64-linux-gnu/jni:/lib/x86_64-linux-gnu:/usr/lib/x86_64-linux-gnu:/usr/lib/jni:/lib:/usr/lib"/>
    <property name="java.vm.info" value="mixed mode, sharing"/>
    <property name="stderr.encoding" value="UTF-8"/>
    <property name="java.vendor" value="Ubuntu"/>
    <property name="java.vm.version" value="21.0.5+11-Ubuntu-1ubuntu122.04"/>
    <property name="sun.io.unicode.encoding" value="UnicodeLittle"/>
    <property name="java.class.version" value="65.0"/>
  </properties>
  <testcase name="Perform addition #1" classname="org.example.runCucumberTest" time="0.043"/>
  <testcase name="Perform addition #2" classname="org.example.runCucumberTest" time="0.002"/>
</testsuite>